<?xml version="1.0" encoding="UTF-8"?>
<!-- Generated by org.testng.reporters.JUnitXMLReporter -->
<testsuite hostname="DESKTOP-9D011CU" name="TestRunner-firefox" tests="2" failures="0" timestamp="8 Nov 2021 10:04:49 GMT" time="56.666" errors="0">
  <testcase name="createOrg" time="16.753" classname="com.crm.practice.Organization.CreateOrgNameWithIndustryTypeTest"/>
  <testcase name="orgIndustryTyp" time="16.346" classname="com.crm.practice.Organization.CreateOrgNameWithIndustryTypeTest"/>
</testsuite> <!-- TestRunner-firefox -->
