<?xml version="1.0" encoding="UTF-8"?>
<!-- Generated by org.testng.reporters.JUnitXMLReporter -->
<testsuite hostname="DESKTOP-9D011CU" name="TestRunner-chrome" tests="2" failures="0" timestamp="8 Nov 2021 10:04:44 GMT" time="52.529" errors="0">
  <testcase name="createOrg" time="17.354" classname="com.crm.practice.Organization.CreateOrgNameWithIndustryTypeTest"/>
  <testcase name="orgIndustryTyp" time="16.84" classname="com.crm.practice.Organization.CreateOrgNameWithIndustryTypeTest"/>
</testsuite> <!-- TestRunner-chrome -->
