<?xml version="1.0" encoding="UTF-8"?>
<testng-results skipped="0" failed="1" total="1" passed="0">
  <reporter-output>
  </reporter-output>
  <suite name="Default suite" duration-ms="71020" started-at="2021-11-10T08:02:15Z" finished-at="2021-11-10T08:03:26Z">
    <groups>
    </groups>
    <test name="Default test" duration-ms="71020" started-at="2021-11-10T08:02:15Z" finished-at="2021-11-10T08:03:26Z">
      <class name="Practice.DynamicOrgName">
        <test-method status="PASS" signature="bsConfig()[pri:0, instance:Practice.DynamicOrgName@5f341870]" name="bsConfig" is-config="true" duration-ms="12" started-at="2021-11-10T13:32:15Z" finished-at="2021-11-10T13:32:15Z">
          <reporter-output>
          </reporter-output>
        </test-method> <!-- bsConfig -->
        <test-method status="PASS" signature="bcConfig()[pri:0, instance:Practice.DynamicOrgName@5f341870]" name="bcConfig" is-config="true" duration-ms="7822" started-at="2021-11-10T13:32:15Z" finished-at="2021-11-10T13:32:23Z">
          <reporter-output>
          </reporter-output>
        </test-method> <!-- bcConfig -->
        <test-method status="PASS" signature="bmConfig()[pri:0, instance:Practice.DynamicOrgName@5f341870]" name="bmConfig" is-config="true" duration-ms="3839" started-at="2021-11-10T13:32:23Z" finished-at="2021-11-10T13:32:26Z">
          <reporter-output>
          </reporter-output>
        </test-method> <!-- bmConfig -->
        <test-method status="FAIL" signature="orgNameDynamic()[pri:0, instance:Practice.DynamicOrgName@5f341870]" name="orgNameDynamic" duration-ms="55772" started-at="2021-11-10T13:32:26Z" finished-at="2021-11-10T13:33:22Z">
          <exception class="org.openqa.selenium.InvalidSelectorException">
            <message>
              <![CDATA[Given xpath expression "//a[.='Q_ORG_967']../following-sibling::td[5]/a[.='del']" is invalid: SyntaxError: Document.evaluate: The expression is not a legal expression
For documentation on this error, please visit: https://www.seleniumhq.org/exceptions/invalid_selector_exception.html
Build info: version: '3.141.59', revision: 'e82be7d358', time: '2018-11-14T08:17:03'
System info: host: 'DESKTOP-9D011CU', ip: '192.168.247.1', os.name: 'Windows 10', os.arch: 'amd64', os.version: '10.0', java.version: '1.8.0_291'
Driver info: org.openqa.selenium.firefox.FirefoxDriver
Capabilities {acceptInsecureCerts: true, browserName: firefox, browserVersion: 94.0.1, javascriptEnabled: true, moz:accessibilityChecks: false, moz:buildID: 20211103134640, moz:geckodriverVersion: 0.30.0, moz:headless: false, moz:processID: 7076, moz:profile: C:\Users\dell\AppData\Local..., moz:shutdownTimeout: 60000, moz:useNonSpecCompliantPointerOrigin: false, moz:webdriverClick: true, pageLoadStrategy: normal, platform: WINDOWS, platformName: WINDOWS, platformVersion: 10.0, proxy: Proxy(), setWindowRect: true, strictFileInteractability: false, timeouts: {implicit: 0, pageLoad: 300000, script: 30000}, unhandledPromptBehavior: dismiss and notify}
Session ID: f4aff2b5-6497-40d1-8c37-cb1b86aa4ca5
*** Element info: {Using=xpath, value=//a[.='Q_ORG_967']../following-sibling::td[5]/a[.='del']}]]>
            </message>
            <full-stacktrace>
              <![CDATA[org.openqa.selenium.InvalidSelectorException: Given xpath expression "//a[.='Q_ORG_967']../following-sibling::td[5]/a[.='del']" is invalid: SyntaxError: Document.evaluate: The expression is not a legal expression
For documentation on this error, please visit: https://www.seleniumhq.org/exceptions/invalid_selector_exception.html
Build info: version: '3.141.59', revision: 'e82be7d358', time: '2018-11-14T08:17:03'
System info: host: 'DESKTOP-9D011CU', ip: '192.168.247.1', os.name: 'Windows 10', os.arch: 'amd64', os.version: '10.0', java.version: '1.8.0_291'
Driver info: org.openqa.selenium.firefox.FirefoxDriver
Capabilities {acceptInsecureCerts: true, browserName: firefox, browserVersion: 94.0.1, javascriptEnabled: true, moz:accessibilityChecks: false, moz:buildID: 20211103134640, moz:geckodriverVersion: 0.30.0, moz:headless: false, moz:processID: 7076, moz:profile: C:\Users\dell\AppData\Local..., moz:shutdownTimeout: 60000, moz:useNonSpecCompliantPointerOrigin: false, moz:webdriverClick: true, pageLoadStrategy: normal, platform: WINDOWS, platformName: WINDOWS, platformVersion: 10.0, proxy: Proxy(), setWindowRect: true, strictFileInteractability: false, timeouts: {implicit: 0, pageLoad: 300000, script: 30000}, unhandledPromptBehavior: dismiss and notify}
Session ID: f4aff2b5-6497-40d1-8c37-cb1b86aa4ca5
*** Element info: {Using=xpath, value=//a[.='Q_ORG_967']../following-sibling::td[5]/a[.='del']}
	at sun.reflect.NativeConstructorAccessorImpl.newInstance0(Native Method)
	at sun.reflect.NativeConstructorAccessorImpl.newInstance(Unknown Source)
	at sun.reflect.DelegatingConstructorAccessorImpl.newInstance(Unknown Source)
	at java.lang.reflect.Constructor.newInstance(Unknown Source)
	at org.openqa.selenium.remote.http.W3CHttpResponseCodec.createException(W3CHttpResponseCodec.java:187)
	at org.openqa.selenium.remote.http.W3CHttpResponseCodec.decode(W3CHttpResponseCodec.java:122)
	at org.openqa.selenium.remote.http.W3CHttpResponseCodec.decode(W3CHttpResponseCodec.java:49)
	at org.openqa.selenium.remote.HttpCommandExecutor.execute(HttpCommandExecutor.java:158)
	at org.openqa.selenium.remote.service.DriverCommandExecutor.execute(DriverCommandExecutor.java:83)
	at org.openqa.selenium.remote.RemoteWebDriver.execute(RemoteWebDriver.java:552)
	at org.openqa.selenium.remote.RemoteWebDriver.findElement(RemoteWebDriver.java:323)
	at org.openqa.selenium.remote.RemoteWebDriver.findElementByXPath(RemoteWebDriver.java:428)
	at org.openqa.selenium.By$ByXPath.findElement(By.java:353)
	at org.openqa.selenium.remote.RemoteWebDriver.findElement(RemoteWebDriver.java:315)
	at Practice.DynamicOrgName.orgNameDynamic(DynamicOrgName.java:81)
	at sun.reflect.NativeMethodAccessorImpl.invoke0(Native Method)
	at sun.reflect.NativeMethodAccessorImpl.invoke(Unknown Source)
	at sun.reflect.DelegatingMethodAccessorImpl.invoke(Unknown Source)
	at java.lang.reflect.Method.invoke(Unknown Source)
	at org.testng.internal.MethodInvocationHelper.invokeMethod(MethodInvocationHelper.java:100)
	at org.testng.internal.Invoker.invokeMethod(Invoker.java:646)
	at org.testng.internal.Invoker.invokeTestMethod(Invoker.java:811)
	at org.testng.internal.Invoker.invokeTestMethods(Invoker.java:1137)
	at org.testng.internal.TestMethodWorker.invokeTestMethods(TestMethodWorker.java:129)
	at org.testng.internal.TestMethodWorker.run(TestMethodWorker.java:112)
	at org.testng.TestRunner.privateRun(TestRunner.java:753)
	at org.testng.TestRunner.run(TestRunner.java:607)
	at org.testng.SuiteRunner.runTest(SuiteRunner.java:368)
	at org.testng.SuiteRunner.runSequentially(SuiteRunner.java:363)
	at org.testng.SuiteRunner.privateRun(SuiteRunner.java:321)
	at org.testng.SuiteRunner.run(SuiteRunner.java:270)
	at org.testng.SuiteRunnerWorker.runSuite(SuiteRunnerWorker.java:52)
	at org.testng.SuiteRunnerWorker.run(SuiteRunnerWorker.java:86)
	at org.testng.TestNG.runSuitesSequentially(TestNG.java:1284)
	at org.testng.TestNG.runSuitesLocally(TestNG.java:1209)
	at org.testng.TestNG.runSuites(TestNG.java:1124)
	at org.testng.TestNG.run(TestNG.java:1096)
	at org.testng.remote.AbstractRemoteTestNG.run(AbstractRemoteTestNG.java:132)
	at org.testng.remote.RemoteTestNG.initAndRun(RemoteTestNG.java:236)
	at org.testng.remote.RemoteTestNG.main(RemoteTestNG.java:81)
]]>
            </full-stacktrace>
          </exception> <!-- org.openqa.selenium.InvalidSelectorException -->
          <reporter-output>
          </reporter-output>
        </test-method> <!-- orgNameDynamic -->
        <test-method status="PASS" signature="AmConfig()[pri:0, instance:Practice.DynamicOrgName@5f341870]" name="AmConfig" is-config="true" duration-ms="2090" started-at="2021-11-10T13:33:22Z" finished-at="2021-11-10T13:33:25Z">
          <reporter-output>
          </reporter-output>
        </test-method> <!-- AmConfig -->
        <test-method status="PASS" signature="AcConfig()[pri:0, instance:Practice.DynamicOrgName@5f341870]" name="AcConfig" is-config="true" duration-ms="1259" started-at="2021-11-10T13:33:25Z" finished-at="2021-11-10T13:33:26Z">
          <reporter-output>
          </reporter-output>
        </test-method> <!-- AcConfig -->
        <test-method status="PASS" signature="AsConfig()[pri:0, instance:Practice.DynamicOrgName@5f341870]" name="AsConfig" is-config="true" duration-ms="1" started-at="2021-11-10T13:33:26Z" finished-at="2021-11-10T13:33:26Z">
          <reporter-output>
          </reporter-output>
        </test-method> <!-- AsConfig -->
      </class> <!-- Practice.DynamicOrgName -->
    </test> <!-- Default test -->
  </suite> <!-- Default suite -->
</testng-results>
